<?xml version="1.0" encoding="UTF-8"?>
<testsuite name="com.cat.sanmina.util.ConnectLinuxUtilTest" time="4.602" tests="4" errors="0" skipped="0" failures="0">
  <properties>
[...]
</properties>
  <testcase name="execShellScriptTest" classname="com.cat.sanmina.util.ConnectLinuxUtilTest" time="3.145"/>
  <testcase name="GETmemTest" classname="com.cat.sanmina.util.ConnectLinuxUtilTest" time="0.432"/>
  <testcase name="memTest" classname="com.cat.sanmina.util.ConnectLinuxUtilTest" time="0.39"/>
  <testcase name="cpuTest" classname="com.cat.sanmina.util.ConnectLinuxUtilTest" time="0.635"/>
</testsuite>